# JRE version: Java(TM) SE Runtime Environment 18.9 (11.0.8+10) (build 11.0.8+10-LTS)
# Java VM: Java HotSpot(TM) 64-Bit Server VM 18.9 (11.0.8+10-LTS, mixed mode, tiered, compressed oops, serial gc, linux-amd64)
Heap:
 def new generation   total 116224K, used 56604K [0x0000000687400000, 0x000000068f210000, 0x0000000704d50000)
  eden space 103360K,  54% used [0x0000000687400000, 0x000000068ab16da0, 0x000000068d8f0000)
  from space 12864K,   1% used [0x000000068d8f0000, 0x000000068d920308, 0x000000068e580000)
  to   space 12864K,   0% used [0x000000068e580000, 0x000000068e580000, 0x000000068f210000)
 tenured generation   total 258048K, used 167668K [0x0000000704d50000, 0x0000000714950000, 0x0000000800000000)
   the space 258048K,  64% used [0x0000000704d50000, 0x000000070f10d2d0, 0x000000070f10d400, 0x0000000714950000)
 Metaspace       used 48126K, capacity 49090K, committed 49496K, reserved 1093632K
  class space    used 5085K, capacity 5441K, committed 5504K, reserved 1048576K
GC Heap History (10 events):
Event: 117,058 GC heap before
{Heap before GC invocations=29 (full 3):
 def new generation   total 116224K, used 115226K [0x0000000687400000, 0x000000068f210000, 0x0000000704d50000)
  eden space 103360K, 100% used [0x0000000687400000, 0x000000068d8f0000, 0x000000068d8f0000)
  from space 12864K,  92% used [0x000000068e580000, 0x000000068f116bb8, 0x000000068f210000)
  to   space 12864K,   0% used [0x000000068d8f0000, 0x000000068d8f0000, 0x000000068e580000)
 tenured generation   total 258048K, used 96127K [0x0000000704d50000, 0x0000000714950000, 0x0000000800000000)
   the space 258048K,  37% used [0x0000000704d50000, 0x000000070ab2fec0, 0x000000070ab30000, 0x0000000714950000)
 Metaspace       used 46752K, capacity 47669K, committed 47832K, reserved 1091584K
  class space    used 4951K, capacity 5311K, committed 5376K, reserved 1048576K
}
Event: 117,066 GC heap after
{Heap after GC invocations=30 (full 3):
 def new generation   total 116224K, used 10501K [0x0000000687400000, 0x000000068f210000, 0x0000000704d50000)
  eden space 103360K,   0% used [0x0000000687400000, 0x0000000687400000, 0x000000068d8f0000)
  from space 12864K,  81% used [0x000000068d8f0000, 0x000000068e331618, 0x000000068e580000)
  to   space 12864K,   0% used [0x000000068e580000, 0x000000068e580000, 0x000000068f210000)
 tenured generation   total 258048K, used 101705K [0x0000000704d50000, 0x0000000714950000, 0x0000000800000000)
   the space 258048K,  39% used [0x0000000704d50000, 0x000000070b0a2740, 0x000000070b0a2800, 0x0000000714950000)
 Metaspace       used 46752K, capacity 47669K, committed 47832K, reserved 1091584K
  class space    used 4951K, capacity 5311K, committed 5376K, reserved 1048576K
}
Event: 124,208 GC heap before
{Heap before GC invocations=30 (full 3):
 def new generation   total 116224K, used 113861K [0x0000000687400000, 0x000000068f210000, 0x0000000704d50000)
  eden space 103360K, 100% used [0x0000000687400000, 0x000000068d8f0000, 0x000000068d8f0000)
  from space 12864K,  81% used [0x000000068d8f0000, 0x000000068e331618, 0x000000068e580000)
  to   space 12864K,   0% used [0x000000068e580000, 0x000000068e580000, 0x000000068f210000)
 tenured generation   total 258048K, used 101705K [0x0000000704d50000, 0x0000000714950000, 0x0000000800000000)
   the space 258048K,  39% used [0x0000000704d50000, 0x000000070b0a2740, 0x000000070b0a2800, 0x0000000714950000)
 Metaspace       used 46858K, capacity 47861K, committed 48088K, reserved 1091584K
  class space    used 4951K, capacity 5311K, committed 5376K, reserved 1048576K
}
Event: 124,219 GC heap after
{Heap after GC invocations=31 (full 3):
 def new generation   total 116224K, used 5330K [0x0000000687400000, 0x000000068f210000, 0x0000000704d50000)
  eden space 103360K,   0% used [0x0000000687400000, 0x0000000687400000, 0x000000068d8f0000)
  from space 12864K,  41% used [0x000000068e580000, 0x000000068eab4920, 0x000000068f210000)
  to   space 12864K,   0% used [0x000000068d8f0000, 0x000000068d8f0000, 0x000000068e580000)
 tenured generation   total 258048K, used 110032K [0x0000000704d50000, 0x0000000714950000, 0x0000000800000000)
   the space 258048K,  42% used [0x0000000704d50000, 0x000000070b8c4298, 0x000000070b8c4400, 0x0000000714950000)
 Metaspace       used 46858K, capacity 47861K, committed 48088K, reserved 1091584K
  class space    used 4951K, capacity 5311K, committed 5376K, reserved 1048576K
}
Event: 127,297 GC heap before
{Heap before GC invocations=31 (full 3):
 def new generation   total 116224K, used 108690K [0x0000000687400000, 0x000000068f210000, 0x0000000704d50000)
  eden space 103360K, 100% used [0x0000000687400000, 0x000000068d8f0000, 0x000000068d8f0000)
  from space 12864K,  41% used [0x000000068e580000, 0x000000068eab4920, 0x000000068f210000)
  to   space 12864K,   0% used [0x000000068d8f0000, 0x000000068d8f0000, 0x000000068e580000)
 tenured generation   total 258048K, used 110032K [0x0000000704d50000, 0x0000000714950000, 0x0000000800000000)
   the space 258048K,  42% used [0x0000000704d50000, 0x000000070b8c4298, 0x000000070b8c4400, 0x0000000714950000)
 Metaspace       used 47096K, capacity 48002K, committed 48344K, reserved 1091584K
  class space    used 4974K, capacity 5313K, committed 5376K, reserved 1048576K
}
Event: 127,307 GC heap after
{Heap after GC invocations=32 (full 3):
 def new generation   total 116224K, used 12863K [0x0000000687400000, 0x000000068f210000, 0x0000000704d50000)
  eden space 103360K,   0% used [0x0000000687400000, 0x0000000687400000, 0x000000068d8f0000)
  from space 12864K,  99% used [0x000000068d8f0000, 0x000000068e57fff8, 0x000000068e580000)
  to   space 12864K,   0% used [0x000000068e580000, 0x000000068e580000, 0x000000068f210000)
 tenured generation   total 258048K, used 114349K [0x0000000704d50000, 0x0000000714950000, 0x0000000800000000)
   the space 258048K,  44% used [0x0000000704d50000, 0x000000070bcfb6e0, 0x000000070bcfb800, 0x0000000714950000)
 Metaspace       used 47096K, capacity 48002K, committed 48344K, reserved 1091584K
  class space    used 4974K, capacity 5313K, committed 5376K, reserved 1048576K
}
Event: 136,650 GC heap before
{Heap before GC invocations=32 (full 3):
 def new generation   total 116224K, used 113774K [0x0000000687400000, 0x000000068f210000, 0x0000000704d50000)
  eden space 103360K,  97% used [0x0000000687400000, 0x000000068d68bb18, 0x000000068d8f0000)
  from space 12864K,  99% used [0x000000068d8f0000, 0x000000068e57fff8, 0x000000068e580000)
  to   space 12864K,   0% used [0x000000068e580000, 0x000000068e580000, 0x000000068f210000)
 tenured generation   total 258048K, used 114349K [0x0000000704d50000, 0x0000000714950000, 0x0000000800000000)
   the space 258048K,  44% used [0x0000000704d50000, 0x000000070bcfb6e0, 0x000000070bcfb800, 0x0000000714950000)
 Metaspace       used 47475K, capacity 48450K, committed 48728K, reserved 1093632K
  class space    used 5017K, capacity 5377K, committed 5504K, reserved 1048576K
}
Event: 136,666 GC heap after
{Heap after GC invocations=33 (full 3):
 def new generation   total 116224K, used 12863K [0x0000000687400000, 0x000000068f210000, 0x0000000704d50000)
  eden space 103360K,   0% used [0x0000000687400000, 0x0000000687400000, 0x000000068d8f0000)
  from space 12864K,  99% used [0x000000068e580000, 0x000000068f20fff8, 0x000000068f210000)
  to   space 12864K,   0% used [0x000000068d8f0000, 0x000000068d8f0000, 0x000000068e580000)
 tenured generation   total 258048K, used 148806K [0x0000000704d50000, 0x0000000714950000, 0x0000000800000000)
   the space 258048K,  57% used [0x0000000704d50000, 0x000000070dea1888, 0x000000070dea1a00, 0x0000000714950000)
 Metaspace       used 47475K, capacity 48450K, committed 48728K, reserved 1093632K
  class space    used 5017K, capacity 5377K, committed 5504K, reserved 1048576K
}
Event: 138,129 GC heap before
{Heap before GC invocations=33 (full 3):
 def new generation   total 116224K, used 116223K [0x0000000687400000, 0x000000068f210000, 0x0000000704d50000)
  eden space 103360K, 100% used [0x0000000687400000, 0x000000068d8f0000, 0x000000068d8f0000)
  from space 12864K,  99% used [0x000000068e580000, 0x000000068f20fff8, 0x000000068f210000)
  to   space 12864K,   0% used [0x000000068d8f0000, 0x000000068d8f0000, 0x000000068e580000)
 tenured generation   total 258048K, used 148806K [0x0000000704d50000, 0x0000000714950000, 0x0000000800000000)
   the space 258048K,  57% used [0x0000000704d50000, 0x000000070dea1888, 0x000000070dea1a00, 0x0000000714950000)
 Metaspace       used 48120K, capacity 49090K, committed 49496K, reserved 1093632K
  class space    used 5085K, capacity 5441K, committed 5504K, reserved 1048576K
}
Event: 138,136 GC heap after
{Heap after GC invocations=34 (full 3):
 def new generation   total 116224K, used 192K [0x0000000687400000, 0x000000068f210000, 0x0000000704d50000)
  eden space 103360K,   0% used [0x0000000687400000, 0x0000000687400000, 0x000000068d8f0000)
  from space 12864K,   1% used [0x000000068d8f0000, 0x000000068d920308, 0x000000068e580000)
  to   space 12864K,   0% used [0x000000068e580000, 0x000000068e580000, 0x000000068f210000)
 tenured generation   total 258048K, used 167668K [0x0000000704d50000, 0x0000000714950000, 0x0000000800000000)
   the space 258048K,  64% used [0x0000000704d50000, 0x000000070f10d2d0, 0x000000070f10d400, 0x0000000714950000)
 Metaspace       used 48120K, capacity 49090K, committed 49496K, reserved 1093632K
  class space    used 5085K, capacity 5441K, committed 5504K, reserved 1048576K
}

