# JRE version: Java(TM) SE Runtime Environment 18.9 (11.0.8+10) (build 11.0.8+10-LTS)
# Java VM: Java HotSpot(TM) 64-Bit Server VM 18.9 (11.0.8+10-LTS, mixed mode, tiered, compressed oops, serial gc, linux-amd64)
Heap:
 def new generation   total 116224K, used 39399K [0x0000000687400000, 0x000000068f210000, 0x0000000704d50000)
  eden space 103360K,  37% used [0x0000000687400000, 0x00000006899d6448, 0x000000068d8f0000)
  from space 12864K,   5% used [0x000000068d8f0000, 0x000000068d9939c8, 0x000000068e580000)
  to   space 12864K,   0% used [0x000000068e580000, 0x000000068e580000, 0x000000068f210000)
 tenured generation   total 258048K, used 224304K [0x0000000704d50000, 0x0000000714950000, 0x0000000800000000)
   the space 258048K,  86% used [0x0000000704d50000, 0x000000071285c338, 0x000000071285c400, 0x0000000714950000)
 Metaspace       used 47868K, capacity 48854K, committed 49240K, reserved 1093632K
  class space    used 5080K, capacity 5473K, committed 5504K, reserved 1048576K
GC Heap History (10 events):
Event: 116,325 GC heap before
{Heap before GC invocations=19 (full 2):
 def new generation   total 116224K, used 110569K [0x0000000687400000, 0x000000068f210000, 0x0000000704d50000)
  eden space 103360K, 100% used [0x0000000687400000, 0x000000068d8f0000, 0x000000068d8f0000)
  from space 12864K,  56% used [0x000000068e580000, 0x000000068ec8a610, 0x000000068f210000)
  to   space 12864K,   0% used [0x000000068d8f0000, 0x000000068d8f0000, 0x000000068e580000)
 tenured generation   total 258048K, used 170426K [0x0000000704d50000, 0x0000000714950000, 0x0000000800000000)
   the space 258048K,  66% used [0x0000000704d50000, 0x000000070f3beaf0, 0x000000070f3bec00, 0x0000000714950000)
 Metaspace       used 46620K, capacity 47561K, committed 47832K, reserved 1091584K
  class space    used 4949K, capacity 5343K, committed 5376K, reserved 1048576K
}
Event: 116,339 GC heap after
{Heap after GC invocations=20 (full 2):
 def new generation   total 116224K, used 4947K [0x0000000687400000, 0x000000068f210000, 0x0000000704d50000)
  eden space 103360K,   0% used [0x0000000687400000, 0x0000000687400000, 0x000000068d8f0000)
  from space 12864K,  38% used [0x000000068d8f0000, 0x000000068ddc4ea0, 0x000000068e580000)
  to   space 12864K,   0% used [0x000000068e580000, 0x000000068e580000, 0x000000068f210000)
 tenured generation   total 258048K, used 174683K [0x0000000704d50000, 0x0000000714950000, 0x0000000800000000)
   the space 258048K,  67% used [0x0000000704d50000, 0x000000070f7e6f68, 0x000000070f7e7000, 0x0000000714950000)
 Metaspace       used 46620K, capacity 47561K, committed 47832K, reserved 1091584K
  class space    used 4949K, capacity 5343K, committed 5376K, reserved 1048576K
}
Event: 124,003 GC heap before
{Heap before GC invocations=20 (full 2):
 def new generation   total 116224K, used 108273K [0x0000000687400000, 0x000000068f210000, 0x0000000704d50000)
  eden space 103360K,  99% used [0x0000000687400000, 0x000000068d8e7950, 0x000000068d8f0000)
  from space 12864K,  38% used [0x000000068d8f0000, 0x000000068ddc4ea0, 0x000000068e580000)
  to   space 12864K,   0% used [0x000000068e580000, 0x000000068e580000, 0x000000068f210000)
 tenured generation   total 258048K, used 174683K [0x0000000704d50000, 0x0000000714950000, 0x0000000800000000)
   the space 258048K,  67% used [0x0000000704d50000, 0x000000070f7e6f68, 0x000000070f7e7000, 0x0000000714950000)
 Metaspace       used 46736K, capacity 47702K, committed 47832K, reserved 1091584K
  class space    used 4951K, capacity 5345K, committed 5376K, reserved 1048576K
}
Event: 124,008 GC heap after
{Heap after GC invocations=21 (full 2):
 def new generation   total 116224K, used 8669K [0x0000000687400000, 0x000000068f210000, 0x0000000704d50000)
  eden space 103360K,   0% used [0x0000000687400000, 0x0000000687400000, 0x000000068d8f0000)
  from space 12864K,  67% used [0x000000068e580000, 0x000000068edf77e8, 0x000000068f210000)
  to   space 12864K,   0% used [0x000000068d8f0000, 0x000000068d8f0000, 0x000000068e580000)
 tenured generation   total 258048K, used 174683K [0x0000000704d50000, 0x0000000714950000, 0x0000000800000000)
   the space 258048K,  67% used [0x0000000704d50000, 0x000000070f7e6f68, 0x000000070f7e7000, 0x0000000714950000)
 Metaspace       used 46736K, capacity 47702K, committed 47832K, reserved 1091584K
  class space    used 4951K, capacity 5345K, committed 5376K, reserved 1048576K
}
Event: 133,574 GC heap before
{Heap before GC invocations=21 (full 2):
 def new generation   total 116224K, used 90661K [0x0000000687400000, 0x000000068f210000, 0x0000000704d50000)
  eden space 103360K,  79% used [0x0000000687400000, 0x000000068c412010, 0x000000068d8f0000)
  from space 12864K,  67% used [0x000000068e580000, 0x000000068edf77e8, 0x000000068f210000)
  to   space 12864K,   0% used [0x000000068d8f0000, 0x000000068d8f0000, 0x000000068e580000)
 tenured generation   total 258048K, used 174683K [0x0000000704d50000, 0x0000000714950000, 0x0000000800000000)
   the space 258048K,  67% used [0x0000000704d50000, 0x000000070f7e6f68, 0x000000070f7e7000, 0x0000000714950000)
 Metaspace       used 47098K, capacity 48022K, committed 48344K, reserved 1091584K
  class space    used 4986K, capacity 5345K, committed 5376K, reserved 1048576K
}
Event: 133,582 GC heap after
{Heap after GC invocations=22 (full 2):
 def new generation   total 116224K, used 10542K [0x0000000687400000, 0x000000068f210000, 0x0000000704d50000)
  eden space 103360K,   0% used [0x0000000687400000, 0x0000000687400000, 0x000000068d8f0000)
  from space 12864K,  81% used [0x000000068d8f0000, 0x000000068e33bb48, 0x000000068e580000)
  to   space 12864K,   0% used [0x000000068e580000, 0x000000068e580000, 0x000000068f210000)
 tenured generation   total 258048K, used 177342K [0x0000000704d50000, 0x0000000714950000, 0x0000000800000000)
   the space 258048K,  68% used [0x0000000704d50000, 0x000000070fa7fb90, 0x000000070fa7fc00, 0x0000000714950000)
 Metaspace       used 47098K, capacity 48022K, committed 48344K, reserved 1091584K
  class space    used 4986K, capacity 5345K, committed 5376K, reserved 1048576K
}
Event: 134,546 GC heap before
{Heap before GC invocations=22 (full 2):
 def new generation   total 116224K, used 113902K [0x0000000687400000, 0x000000068f210000, 0x0000000704d50000)
  eden space 103360K, 100% used [0x0000000687400000, 0x000000068d8f0000, 0x000000068d8f0000)
  from space 12864K,  81% used [0x000000068d8f0000, 0x000000068e33bb48, 0x000000068e580000)
  to   space 12864K,   0% used [0x000000068e580000, 0x000000068e580000, 0x000000068f210000)
 tenured generation   total 258048K, used 177342K [0x0000000704d50000, 0x0000000714950000, 0x0000000800000000)
   the space 258048K,  68% used [0x0000000704d50000, 0x000000070fa7fb90, 0x000000070fa7fc00, 0x0000000714950000)
 Metaspace       used 47323K, capacity 48278K, committed 48472K, reserved 1091584K
  class space    used 5020K, capacity 5409K, committed 5504K, reserved 1048576K
}
Event: 134,570 GC heap after
{Heap after GC invocations=23 (full 2):
 def new generation   total 116224K, used 5816K [0x0000000687400000, 0x000000068f210000, 0x0000000704d50000)
  eden space 103360K,   0% used [0x0000000687400000, 0x0000000687400000, 0x000000068d8f0000)
  from space 12864K,  45% used [0x000000068e580000, 0x000000068eb2e298, 0x000000068f210000)
  to   space 12864K,   0% used [0x000000068d8f0000, 0x000000068d8f0000, 0x000000068e580000)
 tenured generation   total 258048K, used 205911K [0x0000000704d50000, 0x0000000714950000, 0x0000000800000000)
   the space 258048K,  79% used [0x0000000704d50000, 0x0000000711665e88, 0x0000000711666000, 0x0000000714950000)
 Metaspace       used 47323K, capacity 48278K, committed 48472K, reserved 1091584K
  class space    used 5020K, capacity 5409K, committed 5504K, reserved 1048576K
}
Event: 135,301 GC heap before
{Heap before GC invocations=23 (full 2):
 def new generation   total 116224K, used 101173K [0x0000000687400000, 0x000000068f210000, 0x0000000704d50000)
  eden space 103360K,  92% used [0x0000000687400000, 0x000000068d11f538, 0x000000068d8f0000)
  from space 12864K,  45% used [0x000000068e580000, 0x000000068eb2e298, 0x000000068f210000)
  to   space 12864K,   0% used [0x000000068d8f0000, 0x000000068d8f0000, 0x000000068e580000)
 tenured generation   total 258048K, used 205911K [0x0000000704d50000, 0x0000000714950000, 0x0000000800000000)
   the space 258048K,  79% used [0x0000000704d50000, 0x0000000711665e88, 0x0000000711666000, 0x0000000714950000)
 Metaspace       used 47865K, capacity 48854K, committed 49240K, reserved 1093632K
  class space    used 5080K, capacity 5473K, committed 5504K, reserved 1048576K
}
Event: 135,315 GC heap after
{Heap after GC invocations=24 (full 2):
 def new generation   total 116224K, used 654K [0x0000000687400000, 0x000000068f210000, 0x0000000704d50000)
  eden space 103360K,   0% used [0x0000000687400000, 0x0000000687400000, 0x000000068d8f0000)
  from space 12864K,   5% used [0x000000068d8f0000, 0x000000068d9939c8, 0x000000068e580000)
  to   space 12864K,   0% used [0x000000068e580000, 0x000000068e580000, 0x000000068f210000)
 tenured generation   total 258048K, used 224304K [0x0000000704d50000, 0x0000000714950000, 0x0000000800000000)
   the space 258048K,  86% used [0x0000000704d50000, 0x000000071285c338, 0x000000071285c400, 0x0000000714950000)
 Metaspace       used 47865K, capacity 48854K, committed 49240K, reserved 1093632K
  class space    used 5080K, capacity 5473K, committed 5504K, reserved 1048576K
}

